  main.cpp
C:\Users\KubixV2\Desktop\github test\Frogger\template-project-2\main.cpp(397,38): warning C4244: "+=": konwersja z "double" do "int", możliwa utrata danych
C:\Users\KubixV2\Desktop\github test\Frogger\template-project-2\main.cpp(561,130): warning C4244: "argument": konwersja z "double" do "int", możliwa utrata danych
C:\Users\KubixV2\Desktop\github test\Frogger\template-project-2\main.cpp(562,116): warning C4244: "argument": konwersja z "double" do "int", możliwa utrata danych
C:\Users\KubixV2\Desktop\github test\Frogger\template-project-2\main.cpp(489,2): warning C4996: 'sprintf': This function or variable may be unsafe. Consider using sprintf_s instead. To disable deprecation, use _CRT_SECURE_NO_WARNINGS. See online help for details.
C:\Program Files (x86)\Windows Kits\10\Include\10.0.18362.0\ucrt\stdio.h(1774): message : zobacz deklarację „sprintf”
C:\Users\KubixV2\Desktop\github test\Frogger\template-project-2\main.cpp(491,2): warning C4996: 'sprintf': This function or variable may be unsafe. Consider using sprintf_s instead. To disable deprecation, use _CRT_SECURE_NO_WARNINGS. See online help for details.
C:\Program Files (x86)\Windows Kits\10\Include\10.0.18362.0\ucrt\stdio.h(1774): message : zobacz deklarację „sprintf”
C:\Users\KubixV2\Desktop\github test\Frogger\template-project-2\main.cpp(493,2): warning C4996: 'sprintf': This function or variable may be unsafe. Consider using sprintf_s instead. To disable deprecation, use _CRT_SECURE_NO_WARNINGS. See online help for details.
C:\Program Files (x86)\Windows Kits\10\Include\10.0.18362.0\ucrt\stdio.h(1774): message : zobacz deklarację „sprintf”
C:\Users\KubixV2\Desktop\github test\Frogger\template-project-2\main.cpp(539,2): warning C4996: 'sprintf': This function or variable may be unsafe. Consider using sprintf_s instead. To disable deprecation, use _CRT_SECURE_NO_WARNINGS. See online help for details.
C:\Program Files (x86)\Windows Kits\10\Include\10.0.18362.0\ucrt\stdio.h(1774): message : zobacz deklarację „sprintf”
C:\Users\KubixV2\Desktop\github test\Frogger\template-project-2\main.cpp(541,2): warning C4996: 'sprintf': This function or variable may be unsafe. Consider using sprintf_s instead. To disable deprecation, use _CRT_SECURE_NO_WARNINGS. See online help for details.
C:\Program Files (x86)\Windows Kits\10\Include\10.0.18362.0\ucrt\stdio.h(1774): message : zobacz deklarację „sprintf”
C:\Users\KubixV2\Desktop\github test\Frogger\template-project-2\main.cpp(543,2): warning C4996: 'sprintf': This function or variable may be unsafe. Consider using sprintf_s instead. To disable deprecation, use _CRT_SECURE_NO_WARNINGS. See online help for details.
C:\Program Files (x86)\Windows Kits\10\Include\10.0.18362.0\ucrt\stdio.h(1774): message : zobacz deklarację „sprintf”
C:\Users\KubixV2\Desktop\github test\Frogger\template-project-2\main.cpp(548,2): warning C4996: 'sprintf': This function or variable may be unsafe. Consider using sprintf_s instead. To disable deprecation, use _CRT_SECURE_NO_WARNINGS. See online help for details.
C:\Program Files (x86)\Windows Kits\10\Include\10.0.18362.0\ucrt\stdio.h(1774): message : zobacz deklarację „sprintf”
C:\Users\KubixV2\Desktop\github test\Frogger\template-project-2\main.cpp(564,2): warning C4996: 'sprintf': This function or variable may be unsafe. Consider using sprintf_s instead. To disable deprecation, use _CRT_SECURE_NO_WARNINGS. See online help for details.
C:\Program Files (x86)\Windows Kits\10\Include\10.0.18362.0\ucrt\stdio.h(1774): message : zobacz deklarację „sprintf”
C:\Users\KubixV2\Desktop\github test\Frogger\template-project-2\main.cpp(593,2): warning C4996: 'sprintf': This function or variable may be unsafe. Consider using sprintf_s instead. To disable deprecation, use _CRT_SECURE_NO_WARNINGS. See online help for details.
C:\Program Files (x86)\Windows Kits\10\Include\10.0.18362.0\ucrt\stdio.h(1774): message : zobacz deklarację „sprintf”
C:\Users\KubixV2\Desktop\github test\Frogger\template-project-2\main.cpp(600,2): warning C4996: 'sprintf': This function or variable may be unsafe. Consider using sprintf_s instead. To disable deprecation, use _CRT_SECURE_NO_WARNINGS. See online help for details.
C:\Program Files (x86)\Windows Kits\10\Include\10.0.18362.0\ucrt\stdio.h(1774): message : zobacz deklarację „sprintf”
C:\Users\KubixV2\Desktop\github test\Frogger\template-project-2\main.cpp(253,42): warning C4101: "distance": lokalna zmienna, do której nie istnieje odwołanie
C:\Users\KubixV2\Desktop\github test\Frogger\template-project-2\main.cpp(253,52): warning C4101: "etiSpeed": lokalna zmienna, do której nie istnieje odwołanie
C:\Users\KubixV2\Desktop\github test\Frogger\template-project-2\main.cpp(259,15): warning C4101: "eti": lokalna zmienna, do której nie istnieje odwołanie
C:\Users\KubixV2\Desktop\github test\Frogger\template-project-2\main.cpp(200): warning C4715: "czy_wapdla_do_wody”: niewszystkie ścieżki kodu zwracają wartość
  szablon2vs19.vcxproj -> C:\Users\KubixV2\Desktop\github test\Frogger\template-project-2\Debug\szablon2vs19.exe
